빌드 시작: 2014-12-27 오후 8:28:09
     1>2 노드의 "C:\Users\ABC\Documents\Visual Studio 2012\Projects\PEView\PEView\PEView.vcxproj" 프로젝트(Build 대상)입니다.
     1>ClCompile:
         C:\Program Files (x86)\Microsoft Visual Studio 11.0\VC\bin\CL.exe /c /ZI /nologo /W3 /WX- /sdl /Od /Oy- /D _MBCS /Gm /EHsc /RTC1 /MDd /GS /fp:precise /Zc:wchar_t /Zc:forScope /Fo"Debug\\" /Fd"Debug\vc110.pdb" /Gd /TP /analyze- /errorReport:prompt peview.cpp
         peview.cpp
     1>c:\users\abc\documents\visual studio 2012\projects\peview\peview\peview.cpp(130): warning C4129: '/' : 문자 이스케이프 시퀀스를 인식할 수 없습니다.
     1>c:\users\abc\documents\visual studio 2012\projects\peview\peview\peview.cpp(106): warning C4101: 'hBit2' :참조되지 않은 지역 변수입니다.
     1>c:\users\abc\documents\visual studio 2012\projects\peview\peview\peview.cpp(105): warning C4101: 'ps' :참조되지 않은 지역 변수입니다.
     1>c:\users\abc\documents\visual studio 2012\projects\peview\peview\peview.cpp(106): warning C4101: 'hBit' :참조되지 않은 지역 변수입니다.
     1>c:\users\abc\documents\visual studio 2012\projects\peview\peview\peview.cpp(108): warning C4101: 'hmem' :참조되지 않은 지역 변수입니다.
     1>c:\users\abc\documents\visual studio 2012\projects\peview\peview\peview.cpp(107): warning C4101: 'bit' :참조되지 않은 지역 변수입니다.
     1>c:\users\abc\documents\visual studio 2012\projects\peview\peview\peview.cpp(104): warning C4101: 'hdc' :참조되지 않은 지역 변수입니다.
     1>c:\users\abc\documents\visual studio 2012\projects\peview\peview\peview.cpp(860): warning C4101: 'nCount' :참조되지 않은 지역 변수입니다.
       Link:
         C:\Program Files (x86)\Microsoft Visual Studio 11.0\VC\bin\link.exe /ERRORREPORT:PROMPT /OUT:"C:\Users\ABC\Documents\Visual Studio 2012\Projects\PEView\Debug\PEView.exe" /INCREMENTAL /NOLOGO kernel32.lib user32.lib gdi32.lib winspool.lib comdlg32.lib advapi32.lib shell32.lib ole32.lib oleaut32.lib uuid.lib odbc32.lib odbccp32.lib /MANIFEST /MANIFESTUAC:"level='asInvoker' uiAccess='false'" /manifest:embed /DEBUG /PDB:"C:\Users\ABC\Documents\Visual Studio 2012\Projects\PEView\Debug\PEView.pdb" /TLBID:1 /DYNAMICBASE /NXCOMPAT /IMPLIB:"C:\Users\ABC\Documents\Visual Studio 2012\Projects\PEView\Debug\PEView.lib" /MACHINE:X86 Debug\md5.obj
         Debug\peview.obj
         PEView.vcxproj -> C:\Users\ABC\Documents\Visual Studio 2012\Projects\PEView\Debug\PEView.exe
     1>"C:\Users\ABC\Documents\Visual Studio 2012\Projects\PEView\PEView\PEView.vcxproj" 프로젝트를 빌드했습니다(Build 대상).

빌드했습니다.

경과 시간: 00:00:02.49
